Determining if the pthread_create exist failed with the following output:
Change Dir: /home/clearlab/iiwa_stack_ws/build/iiwa_description/CMakeFiles/CMakeTmp

Run Build Command:"/usr/bin/make" "cmTC_7d99e/fast"
/usr/bin/make -f CMakeFiles/cmTC_7d99e.dir/build.make CMakeFiles/cmTC_7d99e.dir/build
make[1]: Entering directory '/home/clearlab/iiwa_stack_ws/build/iiwa_description/CMakeFiles/CMakeTmp'
Building C object CMakeFiles/cmTC_7d99e.dir/CheckSymbolExists.c.o
/usr/bin/cc     -o CMakeFiles/cmTC_7d99e.dir/CheckSymbolExists.c.o   -c /home/clearlab/iiwa_stack_ws/build/iiwa_description/CMakeFiles/CMakeTmp/CheckSymbolExists.c
Linking C executable cmTC_7d99e
/usr/bin/cmake -E cmake_link_script CMakeFiles/cmTC_7d99e.dir/link.txt --verbose=1
/usr/bin/cc       CMakeFiles/cmTC_7d99e.dir/CheckSymbolExists.c.o  -o cmTC_7d99e -rdynamic 
CMakeFiles/cmTC_7d99e.dir/CheckSymbolExists.c.o: In function `main':
CheckSymbolExists.c:(.text+0x16): undefined reference to `pthread_create'
collect2: error: ld returned 1 exit status
CMakeFiles/cmTC_7d99e.dir/build.make:97: recipe for target 'cmTC_7d99e' failed
make[1]: *** [cmTC_7d99e] Error 1
make[1]: Leaving directory '/home/clearlab/iiwa_stack_ws/build/iiwa_description/CMakeFiles/CMakeTmp'
Makefile:126: recipe for target 'cmTC_7d99e/fast' failed
make: *** [cmTC_7d99e/fast] Error 2

File /home/clearlab/iiwa_stack_ws/build/iiwa_description/CMakeFiles/CMakeTmp/CheckSymbolExists.c:
/* */
#include <pthread.h>

int main(int argc, char** argv)
{
  (void)argv;
#ifndef pthread_create
  return ((int*)(&pthread_create))[argc];
#else
  (void)argc;
  return 0;
#endif
}

Determining if the function pthread_create exists in the pthreads failed with the following output:
Change Dir: /home/clearlab/iiwa_stack_ws/build/iiwa_description/CMakeFiles/CMakeTmp

Run Build Command:"/usr/bin/make" "cmTC_bdf97/fast"
/usr/bin/make -f CMakeFiles/cmTC_bdf97.dir/build.make CMakeFiles/cmTC_bdf97.dir/build
make[1]: Entering directory '/home/clearlab/iiwa_stack_ws/build/iiwa_description/CMakeFiles/CMakeTmp'
Building C object CMakeFiles/cmTC_bdf97.dir/CheckFunctionExists.c.o
/usr/bin/cc    -DCHECK_FUNCTION_EXISTS=pthread_create   -o CMakeFiles/cmTC_bdf97.dir/CheckFunctionExists.c.o   -c /usr/share/cmake-3.5/Modules/CheckFunctionExists.c
Linking C executable cmTC_bdf97
/usr/bin/cmake -E cmake_link_script CMakeFiles/cmTC_bdf97.dir/link.txt --verbose=1
/usr/bin/cc   -DCHECK_FUNCTION_EXISTS=pthread_create    CMakeFiles/cmTC_bdf97.dir/CheckFunctionExists.c.o  -o cmTC_bdf97 -rdynamic -lpthreads 
/usr/bin/x86_64-linux-gnu-ld: cannot find -lpthreads
collect2: error: ld returned 1 exit status
CMakeFiles/cmTC_bdf97.dir/build.make:97: recipe for target 'cmTC_bdf97' failed
make[1]: *** [cmTC_bdf97] Error 1
make[1]: Leaving directory '/home/clearlab/iiwa_stack_ws/build/iiwa_description/CMakeFiles/CMakeTmp'
Makefile:126: recipe for target 'cmTC_bdf97/fast' failed
make: *** [cmTC_bdf97/fast] Error 2


