Determining if the pthread_create exist failed with the following output:
Change Dir: /home/clearlab/iiwa_stack_ws/build/iiwa_moveit/CMakeFiles/CMakeTmp

Run Build Command:"/usr/bin/make" "cmTC_3e8ba/fast"
/usr/bin/make -f CMakeFiles/cmTC_3e8ba.dir/build.make CMakeFiles/cmTC_3e8ba.dir/build
make[1]: Entering directory '/home/clearlab/iiwa_stack_ws/build/iiwa_moveit/CMakeFiles/CMakeTmp'
Building C object CMakeFiles/cmTC_3e8ba.dir/CheckSymbolExists.c.o
/usr/bin/cc     -o CMakeFiles/cmTC_3e8ba.dir/CheckSymbolExists.c.o   -c /home/clearlab/iiwa_stack_ws/build/iiwa_moveit/CMakeFiles/CMakeTmp/CheckSymbolExists.c
Linking C executable cmTC_3e8ba
/usr/bin/cmake -E cmake_link_script CMakeFiles/cmTC_3e8ba.dir/link.txt --verbose=1
/usr/bin/cc       CMakeFiles/cmTC_3e8ba.dir/CheckSymbolExists.c.o  -o cmTC_3e8ba -rdynamic 
CMakeFiles/cmTC_3e8ba.dir/CheckSymbolExists.c.o: In function `main':
CheckSymbolExists.c:(.text+0x16): undefined reference to `pthread_create'
collect2: error: ld returned 1 exit status
CMakeFiles/cmTC_3e8ba.dir/build.make:97: recipe for target 'cmTC_3e8ba' failed
make[1]: *** [cmTC_3e8ba] Error 1
make[1]: Leaving directory '/home/clearlab/iiwa_stack_ws/build/iiwa_moveit/CMakeFiles/CMakeTmp'
Makefile:126: recipe for target 'cmTC_3e8ba/fast' failed
make: *** [cmTC_3e8ba/fast] Error 2

File /home/clearlab/iiwa_stack_ws/build/iiwa_moveit/CMakeFiles/CMakeTmp/CheckSymbolExists.c:
/* */
#include <pthread.h>

int main(int argc, char** argv)
{
  (void)argv;
#ifndef pthread_create
  return ((int*)(&pthread_create))[argc];
#else
  (void)argc;
  return 0;
#endif
}

Determining if the function pthread_create exists in the pthreads failed with the following output:
Change Dir: /home/clearlab/iiwa_stack_ws/build/iiwa_moveit/CMakeFiles/CMakeTmp

Run Build Command:"/usr/bin/make" "cmTC_d7d9e/fast"
/usr/bin/make -f CMakeFiles/cmTC_d7d9e.dir/build.make CMakeFiles/cmTC_d7d9e.dir/build
make[1]: Entering directory '/home/clearlab/iiwa_stack_ws/build/iiwa_moveit/CMakeFiles/CMakeTmp'
Building C object CMakeFiles/cmTC_d7d9e.dir/CheckFunctionExists.c.o
/usr/bin/cc    -DCHECK_FUNCTION_EXISTS=pthread_create   -o CMakeFiles/cmTC_d7d9e.dir/CheckFunctionExists.c.o   -c /usr/share/cmake-3.5/Modules/CheckFunctionExists.c
Linking C executable cmTC_d7d9e
/usr/bin/cmake -E cmake_link_script CMakeFiles/cmTC_d7d9e.dir/link.txt --verbose=1
/usr/bin/cc   -DCHECK_FUNCTION_EXISTS=pthread_create    CMakeFiles/cmTC_d7d9e.dir/CheckFunctionExists.c.o  -o cmTC_d7d9e -rdynamic -lpthreads 
/usr/bin/x86_64-linux-gnu-ld: cannot find -lpthreads
collect2: error: ld returned 1 exit status
CMakeFiles/cmTC_d7d9e.dir/build.make:97: recipe for target 'cmTC_d7d9e' failed
make[1]: *** [cmTC_d7d9e] Error 1
make[1]: Leaving directory '/home/clearlab/iiwa_stack_ws/build/iiwa_moveit/CMakeFiles/CMakeTmp'
Makefile:126: recipe for target 'cmTC_d7d9e/fast' failed
make: *** [cmTC_d7d9e/fast] Error 2


