Determining if the pthread_create exist failed with the following output:
Change Dir: /home/clearlab/iiwa_stack_ws/build/iiwa_hw/CMakeFiles/CMakeTmp

Run Build Command:"/usr/bin/make" "cmTC_653bf/fast"
/usr/bin/make -f CMakeFiles/cmTC_653bf.dir/build.make CMakeFiles/cmTC_653bf.dir/build
make[1]: Entering directory '/home/clearlab/iiwa_stack_ws/build/iiwa_hw/CMakeFiles/CMakeTmp'
Building C object CMakeFiles/cmTC_653bf.dir/CheckSymbolExists.c.o
/usr/bin/cc     -o CMakeFiles/cmTC_653bf.dir/CheckSymbolExists.c.o   -c /home/clearlab/iiwa_stack_ws/build/iiwa_hw/CMakeFiles/CMakeTmp/CheckSymbolExists.c
Linking C executable cmTC_653bf
/usr/bin/cmake -E cmake_link_script CMakeFiles/cmTC_653bf.dir/link.txt --verbose=1
/usr/bin/cc       CMakeFiles/cmTC_653bf.dir/CheckSymbolExists.c.o  -o cmTC_653bf -rdynamic 
CMakeFiles/cmTC_653bf.dir/CheckSymbolExists.c.o: In function `main':
CheckSymbolExists.c:(.text+0x16): undefined reference to `pthread_create'
collect2: error: ld returned 1 exit status
CMakeFiles/cmTC_653bf.dir/build.make:97: recipe for target 'cmTC_653bf' failed
make[1]: *** [cmTC_653bf] Error 1
make[1]: Leaving directory '/home/clearlab/iiwa_stack_ws/build/iiwa_hw/CMakeFiles/CMakeTmp'
Makefile:126: recipe for target 'cmTC_653bf/fast' failed
make: *** [cmTC_653bf/fast] Error 2

File /home/clearlab/iiwa_stack_ws/build/iiwa_hw/CMakeFiles/CMakeTmp/CheckSymbolExists.c:
/* */
#include <pthread.h>

int main(int argc, char** argv)
{
  (void)argv;
#ifndef pthread_create
  return ((int*)(&pthread_create))[argc];
#else
  (void)argc;
  return 0;
#endif
}

Determining if the function pthread_create exists in the pthreads failed with the following output:
Change Dir: /home/clearlab/iiwa_stack_ws/build/iiwa_hw/CMakeFiles/CMakeTmp

Run Build Command:"/usr/bin/make" "cmTC_948e5/fast"
/usr/bin/make -f CMakeFiles/cmTC_948e5.dir/build.make CMakeFiles/cmTC_948e5.dir/build
make[1]: Entering directory '/home/clearlab/iiwa_stack_ws/build/iiwa_hw/CMakeFiles/CMakeTmp'
Building C object CMakeFiles/cmTC_948e5.dir/CheckFunctionExists.c.o
/usr/bin/cc    -DCHECK_FUNCTION_EXISTS=pthread_create   -o CMakeFiles/cmTC_948e5.dir/CheckFunctionExists.c.o   -c /usr/share/cmake-3.5/Modules/CheckFunctionExists.c
Linking C executable cmTC_948e5
/usr/bin/cmake -E cmake_link_script CMakeFiles/cmTC_948e5.dir/link.txt --verbose=1
/usr/bin/cc   -DCHECK_FUNCTION_EXISTS=pthread_create    CMakeFiles/cmTC_948e5.dir/CheckFunctionExists.c.o  -o cmTC_948e5 -rdynamic -lpthreads 
/usr/bin/x86_64-linux-gnu-ld: cannot find -lpthreads
collect2: error: ld returned 1 exit status
CMakeFiles/cmTC_948e5.dir/build.make:97: recipe for target 'cmTC_948e5' failed
make[1]: *** [cmTC_948e5] Error 1
make[1]: Leaving directory '/home/clearlab/iiwa_stack_ws/build/iiwa_hw/CMakeFiles/CMakeTmp'
Makefile:126: recipe for target 'cmTC_948e5/fast' failed
make: *** [cmTC_948e5/fast] Error 2


